<?xml version="1.0" encoding="UTF-8"?>
<!-- Generated by org.testng.reporters.JUnitReportReporter -->
<testsuite hostname="DESKTOP-E7JB5E4" failures="0" tests="4" name="api.test.UserTests2" time="10.837" errors="0" timestamp="2024-11-06T17:46:12 IST" skipped="0">
  <testcase classname="api.test.UserTests2" name="testPostUser" time="4.518"/>
  <testcase classname="api.test.UserTests2" name="testGetUserByName" time="1.619"/>
  <testcase classname="api.test.UserTests2" name="testUpdateUserByName" time="3.168"/>
  <testcase classname="api.test.UserTests2" name="testDeleteUserByName" time="1.532"/>
</testsuite> <!-- api.test.UserTests2 -->
