<?xml version="1.0" encoding="UTF-8"?>
<!-- Generated by org.testng.reporters.JUnitReportReporter -->
<testsuite hostname="DESKTOP-E7JB5E4" failures="0" tests="4" name="api.test.UserTests" time="10.790" errors="0" timestamp="2024-11-05T23:05:12 IST" skipped="0">
  <testcase classname="api.test.UserTests" name="testPostUser" time="4.066"/>
  <testcase classname="api.test.UserTests" name="testGetUserByName" time="1.718"/>
  <testcase classname="api.test.UserTests" name="testUpdateUserByName" time="3.259"/>
  <testcase classname="api.test.UserTests" name="testDeleteUserByName" time="1.747"/>
</testsuite> <!-- api.test.UserTests -->
