<?xml version="1.0" encoding="UTF-8"?>
<!-- Generated by org.testng.reporters.JUnitReportReporter -->
<testsuite hostname="DESKTOP-E7JB5E4" failures="0" tests="4" name="api.test.UserTests" time="8.655" errors="0" timestamp="2024-11-06T18:17:24 IST" skipped="0">
  <testcase classname="api.test.UserTests" name="testPostUser" time="2.006"/>
  <testcase classname="api.test.UserTests" name="testGetUserByName" time="1.739"/>
  <testcase classname="api.test.UserTests" name="testUpdateUserByName" time="3.377"/>
  <testcase classname="api.test.UserTests" name="testDeleteUserByName" time="1.533"/>
</testsuite> <!-- api.test.UserTests -->
