<?xml version="1.0" encoding="UTF-8"?>
<!-- Generated by org.testng.reporters.JUnitReportReporter -->
<testsuite hostname="DESKTOP-E7JB5E4" failures="0" tests="6" name="api.test.DDTests" time="11.433" errors="0" timestamp="2024-11-06T18:17:24 IST" skipped="0">
  <testcase classname="api.test.DDTests" name="testPostUser" time="1.607"/>
  <testcase classname="api.test.DDTests" name="testPostUser" time="3.484"/>
  <testcase classname="api.test.DDTests" name="testPostUser" time="1.532"/>
  <testcase classname="api.test.DDTests" name="testDeleteUserByName" time="1.637"/>
  <testcase classname="api.test.DDTests" name="testDeleteUserByName" time="1.638"/>
  <testcase classname="api.test.DDTests" name="testDeleteUserByName" time="1.535"/>
</testsuite> <!-- api.test.DDTests -->
